# JRE version: OpenJDK Runtime Environment (8.0_242-b01) (build 1.8.0_242-release-1644-b01)
# Java VM: OpenJDK 64-Bit Server VM (25.242-b01 mixed mode windows-amd64 compressed oops)
Heap:
 PSYoungGen      total 399360K, used 300955K [0x00000000e0000000, 0x0000000100000000, 0x0000000100000000)
  eden space 302080K, 71% used [0x00000000e0000000,0x00000000ed1cd740,0x00000000f2700000)
  from space 97280K, 88% used [0x00000000f9480000,0x00000000fe8995c0,0x00000000ff380000)
  to   space 111104K, 0% used [0x00000000f2700000,0x00000000f2718000,0x00000000f9380000)
 ParOldGen       total 167424K, used 62986K [0x00000000a0000000, 0x00000000aa380000, 0x00000000e0000000)
  object space 167424K, 37% used [0x00000000a0000000,0x00000000a3d82b10,0x00000000aa380000)
 Metaspace       used 112791K, capacity 120572K, committed 120744K, reserved 1159168K
  class space    used 14288K, capacity 15630K, committed 15792K, reserved 1048576K
GC Heap History (10 events):
Event: 23290.113 GC heap before
{Heap before GC invocations=167 (full 14):
 PSYoungGen      total 414720K, used 316283K [0x00000000e0000000, 0x0000000100000000, 0x0000000100000000)
  eden space 302080K, 100% used [0x00000000e0000000,0x00000000f2700000,0x00000000f2700000)
  from space 112640K, 12% used [0x00000000f9200000,0x00000000f9fdec88,0x0000000100000000)
  to   space 109568K, 0% used [0x00000000f2700000,0x00000000f2700000,0x00000000f9200000)
 ParOldGen       total 167424K, used 114198K [0x00000000a0000000, 0x00000000aa380000, 0x00000000e0000000)
  object space 167424K, 68% used [0x00000000a0000000,0x00000000a6f85a70,0x00000000aa380000)
 Metaspace       used 111837K, capacity 119412K, committed 119592K, reserved 1153024K
  class space    used 14184K, capacity 15487K, committed 15664K, reserved 1048576K
Event: 23290.136 GC heap after
Heap after GC invocations=167 (full 14):
 PSYoungGen      total 310784K, used 8544K [0x00000000e0000000, 0x00000000ff800000, 0x0000000100000000)
  eden space 302080K, 0% used [0x00000000e0000000,0x00000000e0000000,0x00000000f2700000)
  from space 8704K, 98% used [0x00000000f2700000,0x00000000f2f58030,0x00000000f2f80000)
  to   space 107008K, 0% used [0x00000000f8f80000,0x00000000f8f80000,0x00000000ff800000)
 ParOldGen       total 167424K, used 114206K [0x00000000a0000000, 0x00000000aa380000, 0x00000000e0000000)
  object space 167424K, 68% used [0x00000000a0000000,0x00000000a6f87a70,0x00000000aa380000)
 Metaspace       used 111837K, capacity 119412K, committed 119592K, reserved 1153024K
  class space    used 14184K, capacity 15487K, committed 15664K, reserved 1048576K
}
Event: 24335.672 GC heap before
{Heap before GC invocations=168 (full 14):
 PSYoungGen      total 310784K, used 224172K [0x00000000e0000000, 0x00000000ff800000, 0x0000000100000000)
  eden space 302080K, 71% used [0x00000000e0000000,0x00000000ed293238,0x00000000f2700000)
  from space 8704K, 98% used [0x00000000f2700000,0x00000000f2f58030,0x00000000f2f80000)
  to   space 107008K, 0% used [0x00000000f8f80000,0x00000000f8f80000,0x00000000ff800000)
 ParOldGen       total 167424K, used 114206K [0x00000000a0000000, 0x00000000aa380000, 0x00000000e0000000)
  object space 167424K, 68% used [0x00000000a0000000,0x00000000a6f87a70,0x00000000aa380000)
 Metaspace       used 111905K, capacity 119488K, committed 119848K, reserved 1153024K
  class space    used 14185K, capacity 15489K, committed 15664K, reserved 1048576K
Event: 24337.252 GC heap after
Heap after GC invocations=168 (full 14):
 PSYoungGen      total 402944K, used 7776K [0x00000000e0000000, 0x00000000ff200000, 0x0000000100000000)
  eden space 302080K, 0% used [0x00000000e0000000,0x00000000e0000000,0x00000000f2700000)
  from space 100864K, 7% used [0x00000000f8f80000,0x00000000f9718030,0x00000000ff200000)
  to   space 103936K, 0% used [0x00000000f2700000,0x00000000f2700000,0x00000000f8c80000)
 ParOldGen       total 167424K, used 114214K [0x00000000a0000000, 0x00000000aa380000, 0x00000000e0000000)
  object space 167424K, 68% used [0x00000000a0000000,0x00000000a6f89a70,0x00000000aa380000)
 Metaspace       used 111905K, capacity 119488K, committed 119848K, reserved 1153024K
  class space    used 14185K, capacity 15489K, committed 15664K, reserved 1048576K
}
Event: 24337.252 GC heap before
{Heap before GC invocations=169 (full 15):
 PSYoungGen      total 402944K, used 7776K [0x00000000e0000000, 0x00000000ff200000, 0x0000000100000000)
  eden space 302080K, 0% used [0x00000000e0000000,0x00000000e0000000,0x00000000f2700000)
  from space 100864K, 7% used [0x00000000f8f80000,0x00000000f9718030,0x00000000ff200000)
  to   space 103936K, 0% used [0x00000000f2700000,0x00000000f2700000,0x00000000f8c80000)
 ParOldGen       total 167424K, used 114214K [0x00000000a0000000, 0x00000000aa380000, 0x00000000e0000000)
  object space 167424K, 68% used [0x00000000a0000000,0x00000000a6f89a70,0x00000000aa380000)
 Metaspace       used 111905K, capacity 119488K, committed 119848K, reserved 1153024K
  class space    used 14185K, capacity 15489K, committed 15664K, reserved 1048576K
Event: 24398.755 GC heap after
Heap after GC invocations=169 (full 15):
 PSYoungGen      total 402944K, used 0K [0x00000000e0000000, 0x00000000ff200000, 0x0000000100000000)
  eden space 302080K, 0% used [0x00000000e0000000,0x00000000e0000000,0x00000000f2700000)
  from space 100864K, 0% used [0x00000000f8f80000,0x00000000f8f80000,0x00000000ff200000)
  to   space 103936K, 0% used [0x00000000f2700000,0x00000000f2700000,0x00000000f8c80000)
 ParOldGen       total 167424K, used 62978K [0x00000000a0000000, 0x00000000aa380000, 0x00000000e0000000)
  object space 167424K, 37% used [0x00000000a0000000,0x00000000a3d80b10,0x00000000aa380000)
 Metaspace       used 111804K, capacity 119326K, committed 119848K, reserved 1153024K
  class space    used 14170K, capacity 15462K, committed 15664K, reserved 1048576K
}
Event: 25333.305 GC heap before
{Heap before GC invocations=170 (full 15):
 PSYoungGen      total 402944K, used 302080K [0x00000000e0000000, 0x00000000ff200000, 0x0000000100000000)
  eden space 302080K, 100% used [0x00000000e0000000,0x00000000f2700000,0x00000000f2700000)
  from space 100864K, 0% used [0x00000000f8f80000,0x00000000f8f80000,0x00000000ff200000)
  to   space 103936K, 0% used [0x00000000f2700000,0x00000000f2700000,0x00000000f8c80000)
 ParOldGen       total 167424K, used 62978K [0x00000000a0000000, 0x00000000aa380000, 0x00000000e0000000)
  object space 167424K, 37% used [0x00000000a0000000,0x00000000a3d80b10,0x00000000aa380000)
 Metaspace       used 112010K, capacity 119486K, committed 119848K, reserved 1153024K
  class space    used 14185K, capacity 15488K, committed 15664K, reserved 1048576K
Event: 25337.621 GC heap after
Heap after GC invocations=170 (full 15):
 PSYoungGen      total 406016K, used 26114K [0x00000000e0000000, 0x00000000ff380000, 0x0000000100000000)
  eden space 302080K, 0% used [0x00000000e0000000,0x00000000e0000000,0x00000000f2700000)
  from space 103936K, 25% used [0x00000000f2700000,0x00000000f4080970,0x00000000f8c80000)
  to   space 97280K, 0% used [0x00000000f9480000,0x00000000f9480000,0x00000000ff380000)
 ParOldGen       total 167424K, used 62978K [0x00000000a0000000, 0x00000000aa380000, 0x00000000e0000000)
  object space 167424K, 37% used [0x00000000a0000000,0x00000000a3d80b10,0x00000000aa380000)
 Metaspace       used 112010K, capacity 119486K, committed 119848K, reserved 1153024K
  class space    used 14185K, capacity 15488K, committed 15664K, reserved 1048576K
}
Event: 25355.526 GC heap before
{Heap before GC invocations=171 (full 15):
 PSYoungGen      total 406016K, used 328194K [0x00000000e0000000, 0x00000000ff380000, 0x0000000100000000)
  eden space 302080K, 100% used [0x00000000e0000000,0x00000000f2700000,0x00000000f2700000)
  from space 103936K, 25% used [0x00000000f2700000,0x00000000f4080970,0x00000000f8c80000)
  to   space 97280K, 0% used [0x00000000f9480000,0x00000000f9480000,0x00000000ff380000)
 ParOldGen       total 167424K, used 62978K [0x00000000a0000000, 0x00000000aa380000, 0x00000000e0000000)
  object space 167424K, 37% used [0x00000000a0000000,0x00000000a3d80b10,0x00000000aa380000)
 Metaspace       used 112042K, capacity 119554K, committed 119848K, reserved 1153024K
  class space    used 14185K, capacity 15488K, committed 15664K, reserved 1048576K
Event: 25362.019 GC heap after
Heap after GC invocations=171 (full 15):
 PSYoungGen      total 399360K, used 86117K [0x00000000e0000000, 0x0000000100000000, 0x0000000100000000)
  eden space 302080K, 0% used [0x00000000e0000000,0x00000000e0000000,0x00000000f2700000)
  from space 97280K, 88% used [0x00000000f9480000,0x00000000fe8995c0,0x00000000ff380000)
  to   space 111104K, 0% used [0x00000000f2700000,0x00000000f2700000,0x00000000f9380000)
 ParOldGen       total 167424K, used 62986K [0x00000000a0000000, 0x00000000aa380000, 0x00000000e0000000)
  object space 167424K, 37% used [0x00000000a0000000,0x00000000a3d82b10,0x00000000aa380000)
 Metaspace       used 112042K, capacity 119554K, committed 119848K, reserved 1153024K
  class space    used 14185K, capacity 15488K, committed 15664K, reserved 1048576K
}

